[2022-10-03 19:15:56] info: Server on port 3000
[2022-10-03 19:17:33] info: Server on port 3000
[2022-10-03 19:17:43] info: Server on port 3000
[2022-10-03 19:18:14] info: Server on port 3000
[2022-10-03 19:18:15] info: CuentaController
[2022-10-03 19:18:49] info: Server on port 3000
[2022-10-03 19:19:45] info: Server on port 3000
[2022-10-03 19:20:46] info: Server on port 3000
[2022-10-03 19:21:55] info: Server on port 3000
[2022-10-03 19:22:24] info: Server on port 3000
[2022-10-03 19:22:46] info: Server on port 3000
[2022-10-03 19:23:02] info: Server on port 3000
[2022-10-03 19:26:17] info: Server on port 3000
[2022-10-03 19:26:42] info: Server on port 3000
[2022-10-03 19:27:12] info: Server on port 3000
[2022-10-03 19:29:10] info: Server on port 3000
[2022-10-03 19:31:53] info: Server on port 3000
[2022-10-03 19:33:25] info: Server on port 3000
[2022-10-03 19:35:10] info: Server on port 3000
[2022-10-03 19:35:17] info: Server on port 3000
[2022-10-03 19:48:24] info: Server on port 3000
[2022-10-03 19:48:42] info: Server on port 3000
[2022-10-03 19:49:23] info: Server on port 3000
[2022-10-03 19:49:43] info: Server on port 3000
[2022-10-03 19:50:10] info: Server on port 3000
[2022-10-03 19:52:18] info: Server on port 3000
[2022-10-03 20:01:39] info: Server on port 3000
[2022-10-03 20:02:15] info: Server on port 3000
[2022-10-03 20:03:27] info: Server on port 3000
[2022-10-03 20:04:32] info: Server on port 3000
[2022-10-03 20:20:42] info: Server on port 3000
[2022-10-03 20:22:23] info: Server on port 3000
[2022-10-03 20:22:31] info: Server on port 3000
[2022-10-03 20:23:05] info: Server on port 3000
[2022-10-03 20:23:49] info: Server on port 3000
[2022-10-03 20:24:32] info: Server on port 3000
[2022-10-03 20:26:22] info: Server on port 3000
[2022-10-03 20:26:48] info: Server on port 3000
[2022-10-03 20:32:08] info: Server on port 3000
[2022-10-03 20:33:59] info: Server on port 3000
[2022-10-04 09:18:05] info: Server on port 3000
[2022-10-04 09:26:17] info: Server on port 3000
[2022-10-04 09:30:11] info: Server on port 3000
[2022-10-04 10:08:32] info: Server on port 3000
[2022-10-04 10:48:08] info: Server on port 3000
[2022-10-04 10:48:09] info: Server on port 3000
[2022-10-04 10:48:15] info: Server on port 3000
[2022-10-05 08:42:30] info: Server on port 3000
[2022-10-05 17:10:19] info: Server on port 3000
[2022-10-05 17:13:24] info: Server on port 3000
[2022-10-05 17:14:23] info: Server on port 3000
[2022-10-05 17:14:45] info: Server on port 3000
[2022-10-05 17:14:56] info: Server on port 3000
[2022-10-05 17:17:47] info: Server on port 3000
[2022-10-05 17:17:58] info: Server on port 3000
[2022-10-05 17:24:37] info: Server on port 3000
[2022-10-05 17:26:42] info: Server on port 3000
[2022-10-05 17:26:54] info: Server on port 3000
[2022-10-05 17:27:12] info: Server on port 3000
[2022-10-05 17:29:04] info: Server on port 3000
[2022-10-05 17:29:24] info: Server on port 3000
[2022-10-05 17:29:36] info: Server on port 3000
[2022-10-05 17:30:37] info: Server on port 3000
[2022-10-05 17:34:01] info: Server on port 3000
[2022-10-05 17:34:27] info: Server on port 3000
[2022-10-05 17:35:38] info: Server on port 3000
[2022-10-05 17:35:54] info: Server on port 3000
[2022-10-05 17:36:16] info: Server on port 3000
[2022-10-05 17:36:27] info: Server on port 3000
[2022-10-05 17:38:18] info: Server on port 3000
[2022-10-05 17:40:20] info: Server on port 3000
[2022-10-05 17:40:42] info: Server on port 3000
[2022-10-05 17:41:02] info: Server on port 3000
[2022-10-05 17:42:45] info: Server on port 3000
[2022-10-05 17:43:38] info: Server on port 3000
[2022-10-05 17:43:43] info: Server on port 3000
[2022-10-05 17:43:58] info: Server on port 3000
[2022-10-05 18:08:35] info: Server on port 3000
[2022-10-05 18:08:58] info: Server on port 3000
[2022-10-05 18:09:03] info: Server on port 3000
[2022-10-05 18:11:38] info: Server on port 3000
[2022-10-05 18:11:47] info: Server on port 3000
[2022-10-05 18:12:28] info: Server on port 3000
[2022-10-05 18:12:46] info: Server on port 3000
[2022-10-05 18:12:59] info: Server on port 3000
[2022-10-05 18:13:27] info: Server on port 3000
[2022-10-05 18:13:44] info: Server on port 3000
[2022-10-05 18:16:37] info: Server on port 3000
[2022-10-05 18:19:31] info: Server on port 3000
[2022-10-05 18:20:28] info: Server on port 3000
[2022-10-05 18:21:53] info: Server on port 3000
[2022-10-05 18:23:08] info: Server on port 3000
[2022-10-05 18:23:48] info: Server on port 3000
[2022-10-05 18:24:56] info: Server on port 3000
[2022-10-05 18:25:04] info: Server on port 3000
[2022-10-05 18:37:16] info: Server on port 3000
[2022-10-05 18:39:40] info: Server on port 3000
[2022-10-05 18:39:56] info: Server on port 3000
[2022-10-05 18:39:57] error: ReferenceError: main is not defined
    at Function.findBySolicitud (/Users/pablo/Documents/misproyectos/gora/projects/web-platform/src/database/repositories/creditos.repository.js:14:21)
    at ConsultarSolicitud.obtenerCredito (/Users/pablo/Documents/misproyectos/gora/projects/web-platform/src/services/solicitudes/consultar_solicitud.js:58:44)
    at ConsultarSolicitud.exec (/Users/pablo/Documents/misproyectos/gora/projects/web-platform/src/services/solicitudes/consultar_solicitud.js:26:16)
    at processTicksAndRejections (node:internal/process/task_queues:96:5)
    at async show (/Users/pablo/Documents/misproyectos/gora/projects/web-platform/src/controllers/cuenta.controller.js:25:7)
[2022-10-05 18:40:23] info: Server on port 3000
[2022-10-05 18:40:35] error: ReferenceError: QueryTypes is not defined
    at Function.findBySolicitud (/Users/pablo/Documents/misproyectos/gora/projects/web-platform/src/database/repositories/creditos.repository.js:15:51)
    at ConsultarSolicitud.obtenerCredito (/Users/pablo/Documents/misproyectos/gora/projects/web-platform/src/services/solicitudes/consultar_solicitud.js:58:44)
    at ConsultarSolicitud.exec (/Users/pablo/Documents/misproyectos/gora/projects/web-platform/src/services/solicitudes/consultar_solicitud.js:26:16)
    at processTicksAndRejections (node:internal/process/task_queues:96:5)
    at async show (/Users/pablo/Documents/misproyectos/gora/projects/web-platform/src/controllers/cuenta.controller.js:25:7)
[2022-10-05 18:41:10] info: Server on port 3000
[2022-10-05 18:41:10] error: ReferenceError: QueryTypes is not defined
    at Function.findBySolicitud (/Users/pablo/Documents/misproyectos/gora/projects/web-platform/src/database/repositories/creditos.repository.js:15:51)
    at ConsultarSolicitud.obtenerCredito (/Users/pablo/Documents/misproyectos/gora/projects/web-platform/src/services/solicitudes/consultar_solicitud.js:58:44)
    at ConsultarSolicitud.exec (/Users/pablo/Documents/misproyectos/gora/projects/web-platform/src/services/solicitudes/consultar_solicitud.js:26:16)
    at processTicksAndRejections (node:internal/process/task_queues:96:5)
    at async show (/Users/pablo/Documents/misproyectos/gora/projects/web-platform/src/controllers/cuenta.controller.js:25:7)
[2022-10-05 18:41:18] error: ReferenceError: QueryTypes is not defined
    at Function.findBySolicitud (/Users/pablo/Documents/misproyectos/gora/projects/web-platform/src/database/repositories/creditos.repository.js:15:51)
    at ConsultarSolicitud.obtenerCredito (/Users/pablo/Documents/misproyectos/gora/projects/web-platform/src/services/solicitudes/consultar_solicitud.js:58:44)
    at ConsultarSolicitud.exec (/Users/pablo/Documents/misproyectos/gora/projects/web-platform/src/services/solicitudes/consultar_solicitud.js:26:16)
    at processTicksAndRejections (node:internal/process/task_queues:96:5)
    at async show (/Users/pablo/Documents/misproyectos/gora/projects/web-platform/src/controllers/cuenta.controller.js:25:7)
[2022-10-05 18:42:57] info: Server on port 3000
